<?xml version="1.0" encoding="UTF-8"?>
<testsuite xmlns:xsi="http://www.w3.org/2001/XMLSchema-instance" xsi:noNamespaceSchemaLocation="https://maven.apache.org/surefire/maven-surefire-plugin/xsd/surefire-test-report.xsd" name="CucumberTestRunner" time="0.491" tests="4" errors="0" skipped="0" failures="0">
  <properties>
[...]
</properties>
  <testcase name="Given I have created project" classname="Scenario: To test the scenario" time="0.001"/>
  <testcase name="When request has one item 3" classname="Scenario: To test the scenario" time="0"/>
  <testcase name="Then response will have regular price" classname="Scenario: To test the scenario" time="0"/>
  <testcase name="Scenario: To test the scenario" classname="Scenario: To test the scenario" time="0.001"/>
</testsuite>